2c2
<  Fujitsu Fortran Version 1.2.0  Wed Feb  1 19:27:16 2012
---
>  Fujitsu Fortran Version 1.2.0  Wed Feb  1 19:35:17 2012
9c9
<    Command line options : -Kident_mpi=1.2.0 -f2004 -Kvisimpact,prefetch_cache_level=all,auto,openmp,array_private,ilfunc,ocl,mfunc=2,preex,noalias=s,parallel_compress,parallel_strong -Ntl_trt -Qt -V -v03s -Ksimd -Cpp -D_FPCOLL_ -Kprefetch_infer,prefetch_strong_L2,prefetch_iteration_L2=50 -o mod_atmos_dyn_fent_pdfct.o -c -I/opt/FJSVtclang/GM-1.2.0-02/include/mpi/fujitsu -I/opt/FJSVtclang/GM-1.2.0-02/lib64
---
>    Command line options : -Kident_mpi=1.2.0 -f2004 -Kvisimpact,prefetch_cache_level=all,auto,openmp,array_private,ilfunc,ocl,mfunc=2,preex,noalias=s,parallel_compress,parallel_strong -Ntl_trt -Qt -V -v03s -Ksimd -Cpp -D_FPCOLL_ -Kprefetch_nostrong_L2,prefetch_iteration_L2=50 -o mod_atmos_dyn_fent_pdfct.o -c -I/opt/FJSVtclang/GM-1.2.0-02/include/mpi/fujitsu -I/opt/FJSVtclang/GM-1.2.0-02/lib64
21,22c21,22
<                           -Kprefetch_infer -Kprefetch_iteration_L2=50
<                           -Kprefetch_nostrong -Kprefetch_strong_L2 -Ksimd=1
---
>                           -Kprefetch_noinfer -Kprefetch_iteration_L2=50
>                           -Kprefetch_nostrong -Kprefetch_nostrong_L2 -Ksimd=1
577,582d576
<                               <<< Loop-information Start >>>
<                               <<<  [OPTIMIZATION]
<                               <<<    PREFETCH       : 44
<                               <<<      dens_diff: 12, var: 12, pott_diff: 12
<                               <<<      CNDZ: 8
<                               <<< Loop-information  End >>>
703,707d696
<                               <<< Loop-information Start >>>
<                               <<<  [OPTIMIZATION]
<                               <<<    PREFETCH       : 12
<                               <<<      var: 8, CNMZ: 4
<                               <<< Loop-information  End >>>
776,780d764
<                               <<< Loop-information Start >>>
<                               <<<  [OPTIMIZATION]
<                               <<<    PREFETCH       : 12
<                               <<<      var: 8, CNDZ: 4
<                               <<< Loop-information  End >>>
849,853d832
<                               <<< Loop-information Start >>>
<                               <<<  [OPTIMIZATION]
<                               <<<    PREFETCH       : 12
<                               <<<      var: 8, CNDZ: 4
<                               <<< Loop-information  End >>>
1086,1090d1064
<                               <<< Loop-information Start >>>
<                               <<<  [OPTIMIZATION]
<                               <<<    PREFETCH       : 8
<                               <<<      var: 8
<                               <<< Loop-information  End >>>
1234,1238d1207
<                               <<< Loop-information Start >>>
<                               <<<  [OPTIMIZATION]
<                               <<<    PREFETCH       : 8
<                               <<<      var: 8
<                               <<< Loop-information  End >>>
1352,1356d1320
<                               <<< Loop-information Start >>>
<                               <<<  [OPTIMIZATION]
<                               <<<    PREFETCH       : 8
<                               <<<      var: 8
<                               <<< Loop-information  End >>>
1489,1494d1452
<                               <<< Loop-information Start >>>
<                               <<<  [OPTIMIZATION]
<                               <<<    PREFETCH       : 16
<                               <<<      diagvar: 10, num_diff: 2, mflx_hi: 2
<                               <<<      qflx_hi: 2
<                               <<< Loop-information  End >>>
1536,1541d1493
<                               <<< Loop-information Start >>>
<                               <<<  [OPTIMIZATION]
<                               <<<    PREFETCH       : 14
<                               <<<      num_diff: 2, mflx_hi: 2, diagvar: 8
<                               <<<      qflx_hi: 2
<                               <<< Loop-information  End >>>
1562,1567d1513
<                               <<< Loop-information Start >>>
<                               <<<  [OPTIMIZATION]
<                               <<<    PREFETCH       : 14
<                               <<<      num_diff: 2, mflx_hi: 2, diagvar: 8
<                               <<<      qflx_hi: 2
<                               <<< Loop-information  End >>>
1677,1681d1622
<                               <<< Loop-information Start >>>
<                               <<<  [OPTIMIZATION]
<                               <<<    PREFETCH       : 12
<                               <<<      var: 12
<                               <<< Loop-information  End >>>
2151c2092
<    Prefetch num: 366
---
>    Prefetch num: 206
2158c2099
<    Total prefetch num: 366
---
>    Total prefetch num: 206
